doneInferImage	0	0	7	7
doneInferImage	1	1	2	2
doneInferImage	2	2	1	1
doneInferImage	3	3	0	0
doneInferImage	4	4	4	4
doneInferImage	5	5	1	1
doneInferImage	6	6	4	4
doneInferImage	7	7	9	9
doneInferImage	8	8	5	6
doneInferImage	9	9	9	9
doneInferImage	10	10	0	0
doneInferImage	11	11	6	8
doneInferImage	12	12	9	9
doneInferImage	13	13	0	0
doneInferImage	14	14	1	1
doneInferImage	15	15	5	5
doneInferImage	16	16	9	9
doneInferImage	17	17	7	7
doneInferImage	18	18	3	3
doneInferImage	19	19	4	4
doneInferImage	20	20	9	9
doneInferImage	21	21	6	6
doneInferImage	22	22	6	6
doneInferImage	23	23	5	5
doneInferImage	24	24	4	4
doneInferImage	25	25	0	0
doneInferImage	26	26	7	7
doneInferImage	27	27	4	4
doneInferImage	28	28	0	0
doneInferImage	29	29	1	1
doneInferImage	30	30	3	3
doneInferImage	31	31	1	1
doneInferImage	32	32	3	3
doneInferImage	33	33	4	0
doneInferImage	34	34	7	7
doneInferImage	35	35	2	2
doneInferImage	36	36	7	7
doneInferImage	37	37	1	1
doneInferImage	38	38	2	2
doneInferImage	39	39	1	1
doneInferImage	40	40	1	1
doneInferImage	41	41	7	7
doneInferImage	42	42	4	4
doneInferImage	43	43	2	2
doneInferImage	44	44	3	3
doneInferImage	45	45	5	5
doneInferImage	46	46	1	1
doneInferImage	47	47	2	2
doneInferImage	48	48	4	4
doneInferImage	49	49	4	4
doneInferImage	50	50	6	6
doneInferImage	51	51	3	3
doneInferImage	52	52	5	5
doneInferImage	53	53	5	5
doneInferImage	54	54	6	6
doneInferImage	55	55	0	0
doneInferImage	56	56	4	4
doneInferImage	57	57	1	1
doneInferImage	58	58	9	9
doneInferImage	59	59	5	5
doneInferImage	60	60	7	7
doneInferImage	61	61	8	8
doneInferImage	62	62	9	9
doneInferImage	63	63	3	3
doneInferImage	64	64	7	7
doneInferImage	65	65	4	4
doneInferImage	66	66	6	6
doneInferImage	67	67	4	4
doneInferImage	68	68	3	3
doneInferImage	69	69	0	0
doneInferImage	70	70	7	7
doneInferImage	71	71	0	0
doneInferImage	72	72	2	2
doneInferImage	73	73	9	9
doneInferImage	74	74	1	1
doneInferImage	75	75	7	7
doneInferImage	76	76	3	3
doneInferImage	77	77	2	7
doneInferImage	78	78	9	9
doneInferImage	79	79	7	7
doneInferImage	80	80	7	7
doneInferImage	81	81	6	6
doneInferImage	82	82	2	2
doneInferImage	83	83	7	7
doneInferImage	84	84	8	8
doneInferImage	85	85	4	4
doneInferImage	86	86	7	7
doneInferImage	87	87	3	3
doneInferImage	88	88	6	6
doneInferImage	89	89	1	1
doneInferImage	90	90	3	3
doneInferImage	91	91	6	6
doneInferImage	92	92	9	9
doneInferImage	93	93	3	3
doneInferImage	94	94	1	1
doneInferImage	95	95	4	4
doneInferImage	96	96	1	1
doneInferImage	97	97	7	7
doneInferImage	98	98	6	6
doneInferImage	99	99	9	9
doneInferImage	100	100	6	6
doneInferImage	101	101	0	0
doneInferImage	102	102	5	5
doneInferImage	103	103	4	4
doneInferImage	104	104	9	9
doneInferImage	105	105	9	9
doneInferImage	106	106	2	2
doneInferImage	107	107	1	1
doneInferImage	108	108	9	9
doneInferImage	109	109	4	4
doneInferImage	110	110	8	8
doneInferImage	111	111	7	7
doneInferImage	112	112	3	3
doneInferImage	113	113	9	9
doneInferImage	114	114	7	7
doneInferImage	115	115	4	4
doneInferImage	116	116	4	4
doneInferImage	117	117	4	4
doneInferImage	118	118	9	9
doneInferImage	119	119	2	2
doneInferImage	120	120	5	5
doneInferImage	121	121	4	4
doneInferImage	122	122	7	7
doneInferImage	123	123	6	6
doneInferImage	124	124	7	4
doneInferImage	125	125	9	9
doneInferImage	126	126	0	0
doneInferImage	127	127	5	5
doneInferImage	128	128	8	8
doneInferImage	129	129	5	5
doneInferImage	130	130	6	6
doneInferImage	131	131	6	6
doneInferImage	132	132	5	5
doneInferImage	133	133	7	2
doneInferImage	134	134	8	8
doneInferImage	135	135	1	1
doneInferImage	136	136	0	0
doneInferImage	137	137	1	1
doneInferImage	138	138	6	6
doneInferImage	139	139	4	4
doneInferImage	140	140	6	6
doneInferImage	141	141	7	7
doneInferImage	142	142	3	3
doneInferImage	143	143	1	1
doneInferImage	144	144	7	7
doneInferImage	145	145	1	1
doneInferImage	146	146	8	8
doneInferImage	147	147	2	2
doneInferImage	148	148	0	0
doneInferImage	149	149	2	9
doneInferImage	150	150	9	9
doneInferImage	151	151	9	8
doneInferImage	152	152	5	5
doneInferImage	153	153	5	5
doneInferImage	154	154	1	1
doneInferImage	155	155	5	5
doneInferImage	156	156	6	6
doneInferImage	157	157	0	0
doneInferImage	158	158	3	3
doneInferImage	159	159	4	4
doneInferImage	160	160	4	4
doneInferImage	161	161	6	6
doneInferImage	162	162	5	5
doneInferImage	163	163	4	4
doneInferImage	164	164	6	6
doneInferImage	165	165	5	5
doneInferImage	166	166	4	4
doneInferImage	167	167	5	5
doneInferImage	168	168	1	1
doneInferImage	169	169	4	4
doneInferImage	170	170	4	4
doneInferImage	171	171	7	7
doneInferImage	172	172	2	2
doneInferImage	173	173	3	3
doneInferImage	174	174	2	2
doneInferImage	175	175	7	7
doneInferImage	176	176	1	1
doneInferImage	177	177	8	8
doneInferImage	178	178	1	1
doneInferImage	179	179	8	8
doneInferImage	180	180	1	1
doneInferImage	181	181	8	8
doneInferImage	182	182	5	5
doneInferImage	183	183	0	0
doneInferImage	184	184	8	8
doneInferImage	185	185	9	4
doneInferImage	186	186	2	2
doneInferImage	187	187	5	5
doneInferImage	188	188	0	0
doneInferImage	189	189	1	1
doneInferImage	190	190	1	1
doneInferImage	191	191	1	1
doneInferImage	192	192	0	0
doneInferImage	193	193	9	9
doneInferImage	194	194	0	0
doneInferImage	195	195	3	3
doneInferImage	196	196	1	1
doneInferImage	197	197	6	6
doneInferImage	198	198	4	4
doneInferImage	199	199	2	2
doneInferImage	200	200	3	3
doneInferImage	201	201	6	6
doneInferImage	202	202	1	1
doneInferImage	203	203	1	1
doneInferImage	204	204	1	1
doneInferImage	205	205	3	3
doneInferImage	206	206	9	9
doneInferImage	207	207	5	5
doneInferImage	208	208	2	2
doneInferImage	209	209	9	9
doneInferImage	210	210	4	4
doneInferImage	211	211	5	5
doneInferImage	212	212	9	9
doneInferImage	213	213	3	3
doneInferImage	214	214	9	9
doneInferImage	215	215	0	0
doneInferImage	216	216	3	3
doneInferImage	217	217	6	5
doneInferImage	218	218	5	5
doneInferImage	219	219	5	5
doneInferImage	220	220	7	7
doneInferImage	221	221	2	2
doneInferImage	222	222	2	2
doneInferImage	223	223	7	7
doneInferImage	224	224	1	1
doneInferImage	225	225	2	2
doneInferImage	226	226	8	8
doneInferImage	227	227	4	4
doneInferImage	228	228	1	1
doneInferImage	229	229	7	7
doneInferImage	230	230	3	3
doneInferImage	231	231	3	3
doneInferImage	232	232	8	8
doneInferImage	233	233	8	9
doneInferImage	234	234	7	7
doneInferImage	235	235	9	9
doneInferImage	236	236	2	2
doneInferImage	237	237	2	2
doneInferImage	238	238	4	4
doneInferImage	239	239	1	1
doneInferImage	240	240	5	5
doneInferImage	241	241	9	8
doneInferImage	242	242	8	8
doneInferImage	243	243	7	7
doneInferImage	244	244	2	2
doneInferImage	245	245	3	6
doneInferImage	246	246	0	0
doneInferImage	247	247	4	2
doneInferImage	248	248	4	4
doneInferImage	249	249	2	2
doneInferImage	250	250	4	4
doneInferImage	251	251	1	1
doneInferImage	252	252	9	9
doneInferImage	253	253	5	5
doneInferImage	254	254	7	7
doneInferImage	255	255	7	7
doneInferImage	256	256	2	2
doneInferImage	257	257	8	8
doneInferImage	258	258	2	2
doneInferImage	259	259	6	0
doneInferImage	260	260	8	8
doneInferImage	261	261	5	5
doneInferImage	262	262	7	7
doneInferImage	263	263	7	7
doneInferImage	264	264	9	9
doneInferImage	265	265	1	1
doneInferImage	266	266	8	8
doneInferImage	267	267	1	1
doneInferImage	268	268	8	8
doneInferImage	269	269	0	0
doneInferImage	270	270	3	3
doneInferImage	271	271	0	0
doneInferImage	272	272	1	1
doneInferImage	273	273	9	9
doneInferImage	274	274	9	9
doneInferImage	275	275	4	4
doneInferImage	276	276	1	1
doneInferImage	277	277	8	8
doneInferImage	278	278	2	2
doneInferImage	279	279	1	1
doneInferImage	280	280	2	2
doneInferImage	281	281	9	9
doneInferImage	282	282	7	7
doneInferImage	283	283	5	5
doneInferImage	284	284	9	9
doneInferImage	285	285	2	2
doneInferImage	286	286	6	6
doneInferImage	287	287	4	4
doneInferImage	288	288	1	1
doneInferImage	289	289	5	5
doneInferImage	290	290	8	4
doneInferImage	291	291	2	2
doneInferImage	292	292	9	9
doneInferImage	293	293	2	2
doneInferImage	294	294	0	0
doneInferImage	295	295	4	4
doneInferImage	296	296	0	0
doneInferImage	297	297	0	0
doneInferImage	298	298	2	2
doneInferImage	299	299	8	8
doneInferImage	300	300	4	4
doneInferImage	301	301	7	7
doneInferImage	302	302	1	1
doneInferImage	303	303	2	2
doneInferImage	304	304	4	4
doneInferImage	305	305	0	0
doneInferImage	306	306	2	2
doneInferImage	307	307	7	7
doneInferImage	308	308	4	4
doneInferImage	309	309	3	3
doneInferImage	310	310	3	3
doneInferImage	311	311	0	0
doneInferImage	312	312	0	0
doneInferImage	313	313	3	5
doneInferImage	314	314	1	1
doneInferImage	315	315	9	9
doneInferImage	316	316	6	6
doneInferImage	317	317	5	5
doneInferImage	318	318	2	3
doneInferImage	319	319	5	5
doneInferImage	320	320	9	1
doneInferImage	321	321	2	7
doneInferImage	322	322	9	9
doneInferImage	323	323	3	3
doneInferImage	324	324	0	0
doneInferImage	325	325	4	4
doneInferImage	326	326	2	2
doneInferImage	327	327	0	0
doneInferImage	328	328	7	7
doneInferImage	329	329	1	1
doneInferImage	330	330	1	1
doneInferImage	331	331	2	2
doneInferImage	332	332	1	1
doneInferImage	333	333	5	5
doneInferImage	334	334	3	3
doneInferImage	335	335	3	3
doneInferImage	336	336	9	9
doneInferImage	337	337	7	7
doneInferImage	338	338	8	8
doneInferImage	339	339	6	6
doneInferImage	340	340	5	3
doneInferImage	341	341	6	4
doneInferImage	342	342	1	1
doneInferImage	343	343	3	3
doneInferImage	344	344	8	8
doneInferImage	345	345	1	1
doneInferImage	346	346	0	0
doneInferImage	347	347	5	5
doneInferImage	348	348	1	1
doneInferImage	349	349	3	7
doneInferImage	350	350	1	1
doneInferImage	351	351	5	5
doneInferImage	352	352	5	0
doneInferImage	353	353	6	6
doneInferImage	354	354	1	1
doneInferImage	355	355	8	8
doneInferImage	356	356	5	5
doneInferImage	357	357	1	1
doneInferImage	358	358	7	7
doneInferImage	359	359	9	9
doneInferImage	360	360	4	4
doneInferImage	361	361	6	6
doneInferImage	362	362	2	2
doneInferImage	363	363	2	2
doneInferImage	364	364	5	5
doneInferImage	365	365	0	0
doneInferImage	366	366	6	6
doneInferImage	367	367	5	5
doneInferImage	368	368	6	6
doneInferImage	369	369	3	3
doneInferImage	370	370	7	7
doneInferImage	371	371	2	2
doneInferImage	372	372	0	0
doneInferImage	373	373	8	8
doneInferImage	374	374	8	8
doneInferImage	375	375	5	5
doneInferImage	376	376	4	4
doneInferImage	377	377	1	1
doneInferImage	378	378	1	1
doneInferImage	379	379	4	4
doneInferImage	380	380	0	0
doneInferImage	381	381	3	7
doneInferImage	382	382	3	3
doneInferImage	383	383	7	7
doneInferImage	384	384	6	6
doneInferImage	385	385	1	1
doneInferImage	386	386	6	6
doneInferImage	387	387	2	2
doneInferImage	388	388	1	1
doneInferImage	389	389	9	9
doneInferImage	390	390	2	2
doneInferImage	391	391	8	8
doneInferImage	392	392	6	6
doneInferImage	393	393	1	1
doneInferImage	394	394	9	9
doneInferImage	395	395	5	5
doneInferImage	396	396	2	2
doneInferImage	397	397	5	5
doneInferImage	398	398	4	4
doneInferImage	399	399	4	4
doneInferImage	400	400	2	2
doneInferImage	401	401	8	8
doneInferImage	402	402	3	3
doneInferImage	403	403	8	9
doneInferImage	404	404	2	2
doneInferImage	405	405	4	4
doneInferImage	406	406	5	8
doneInferImage	407	407	0	0
doneInferImage	408	408	3	3
doneInferImage	409	409	1	1
doneInferImage	410	410	7	7
doneInferImage	411	411	7	7
doneInferImage	412	412	5	3
doneInferImage	413	413	7	7
doneInferImage	414	414	9	9
doneInferImage	415	415	7	7
doneInferImage	416	416	1	1
doneInferImage	417	417	9	9
doneInferImage	418	418	2	2
doneInferImage	419	419	1	1
doneInferImage	420	420	4	4
doneInferImage	421	421	2	2
doneInferImage	422	422	9	9
doneInferImage	423	423	2	2
doneInferImage	424	424	0	0
doneInferImage	425	425	4	4
doneInferImage	426	426	9	9
doneInferImage	427	427	1	1
doneInferImage	428	428	4	4
doneInferImage	429	429	8	8
doneInferImage	430	430	1	1
doneInferImage	431	431	8	8
doneInferImage	432	432	4	4
doneInferImage	433	433	5	5
doneInferImage	434	434	9	9
doneInferImage	435	435	8	8
doneInferImage	436	436	8	8
doneInferImage	437	437	3	3
doneInferImage	438	438	7	7
doneInferImage	439	439	6	6
doneInferImage	440	440	0	0
doneInferImage	441	441	0	0
doneInferImage	442	442	3	3
doneInferImage	443	443	0	0
doneInferImage	444	444	2	8
doneInferImage	445	445	6	0
doneInferImage	446	446	6	6
doneInferImage	447	447	4	4
doneInferImage	448	448	9	8
doneInferImage	449	449	3	5
doneInferImage	450	450	3	3
doneInferImage	451	451	3	3
doneInferImage	452	452	2	2
doneInferImage	453	453	3	3
doneInferImage	454	454	9	9
doneInferImage	455	455	1	1
doneInferImage	456	456	2	2
doneInferImage	457	457	6	6
doneInferImage	458	458	8	8
doneInferImage	459	459	0	0
doneInferImage	460	460	5	5
doneInferImage	461	461	6	6
doneInferImage	462	462	6	6
doneInferImage	463	463	6	6
doneInferImage	464	464	3	3
doneInferImage	465	465	8	8
doneInferImage	466	466	8	8
doneInferImage	467	467	2	2
doneInferImage	468	468	7	7
doneInferImage	469	469	5	5
doneInferImage	470	470	8	8
doneInferImage	471	471	9	9
doneInferImage	472	472	6	6
doneInferImage	473	473	1	1
doneInferImage	474	474	8	8
doneInferImage	475	475	4	4
doneInferImage	476	476	1	1
doneInferImage	477	477	2	2
doneInferImage	478	478	5	8
doneInferImage	479	479	9	3
doneInferImage	480	480	1	1
doneInferImage	481	481	9	9
doneInferImage	482	482	7	7
doneInferImage	483	483	5	0
doneInferImage	484	484	4	4
doneInferImage	485	485	0	0
doneInferImage	486	486	8	8
doneInferImage	487	487	9	9
doneInferImage	488	488	9	9
doneInferImage	489	489	1	1
doneInferImage	490	490	0	0
doneInferImage	491	491	5	5
doneInferImage	492	492	2	2
doneInferImage	493	493	3	3
doneInferImage	494	494	7	7
doneInferImage	495	495	8	2
doneInferImage	496	496	9	9
doneInferImage	497	497	4	4
doneInferImage	498	498	0	0
doneInferImage	499	499	6	6
doneInferImage	500	500	3	3
doneInferImage	501	501	9	9
doneInferImage	502	502	5	3
doneInferImage	503	503	2	2
doneInferImage	504	504	1	1
doneInferImage	505	505	3	3
doneInferImage	506	506	1	1
doneInferImage	507	507	3	5
doneInferImage	508	508	6	6
doneInferImage	509	509	5	5
doneInferImage	510	510	7	7
doneInferImage	511	511	4	8
doneInferImage	512	512	2	2
doneInferImage	513	513	2	2
doneInferImage	514	514	6	6
doneInferImage	515	515	3	8
doneInferImage	516	516	2	2
doneInferImage	517	517	6	6
doneInferImage	518	518	5	5
doneInferImage	519	519	4	4
doneInferImage	520	520	8	8
doneInferImage	521	521	9	9
doneInferImage	522	522	7	7
doneInferImage	523	523	1	1
doneInferImage	524	524	3	3
doneInferImage	525	525	0	0
doneInferImage	526	526	3	3
doneInferImage	527	527	8	8
doneInferImage	528	528	3	3
doneInferImage	529	529	1	1
doneInferImage	530	530	9	9
doneInferImage	531	531	3	6
doneInferImage	532	532	4	4
doneInferImage	533	533	4	4
doneInferImage	534	534	6	6
doneInferImage	535	535	4	4
doneInferImage	536	536	2	2
doneInferImage	537	537	1	1
doneInferImage	538	538	8	8
doneInferImage	539	539	2	2
doneInferImage	540	540	5	5
doneInferImage	541	541	4	4
doneInferImage	542	542	8	8
doneInferImage	543	543	8	3
doneInferImage	544	544	4	4
doneInferImage	545	545	0	0
doneInferImage	546	546	0	0
doneInferImage	547	547	2	2
doneInferImage	548	548	3	3
doneInferImage	549	549	2	2
doneInferImage	550	550	7	7
doneInferImage	551	551	7	1
doneInferImage	552	552	0	0
doneInferImage	553	553	8	8
doneInferImage	554	554	7	7
doneInferImage	555	555	4	4
doneInferImage	556	556	4	4
doneInferImage	557	557	7	7
doneInferImage	558	558	9	9
doneInferImage	559	559	6	6
doneInferImage	560	560	9	9
doneInferImage	561	561	0	0
doneInferImage	562	562	9	9
doneInferImage	563	563	8	8
doneInferImage	564	564	0	0
doneInferImage	565	565	4	9
doneInferImage	566	566	6	6
doneInferImage	567	567	0	0
doneInferImage	568	568	6	6
doneInferImage	569	569	3	3
doneInferImage	570	570	5	5
doneInferImage	571	571	4	4
doneInferImage	572	572	8	8
doneInferImage	573	573	3	3
doneInferImage	574	574	3	3
doneInferImage	575	575	9	9
doneInferImage	576	576	3	3
doneInferImage	577	577	3	3
doneInferImage	578	578	3	2
doneInferImage	579	579	7	7
doneInferImage	580	580	8	8
doneInferImage	581	581	0	0
doneInferImage	582	582	8	2
doneInferImage	583	583	2	2
doneInferImage	584	584	1	1
doneInferImage	585	585	7	7
doneInferImage	586	586	0	0
doneInferImage	587	587	6	6
doneInferImage	588	588	5	5
doneInferImage	589	589	4	4
doneInferImage	590	590	3	3
doneInferImage	591	591	8	3
doneInferImage	592	592	0	0
doneInferImage	593	593	9	9
doneInferImage	594	594	6	6
doneInferImage	595	595	3	3
doneInferImage	596	596	8	8
doneInferImage	597	597	0	0
doneInferImage	598	598	9	9
doneInferImage	599	599	9	9
doneInferImage	600	600	6	6
doneInferImage	601	601	8	8
doneInferImage	602	602	6	6
doneInferImage	603	603	8	8
doneInferImage	604	604	5	5
doneInferImage	605	605	7	7
doneInferImage	606	606	8	8
doneInferImage	607	607	6	6
doneInferImage	608	608	0	0
doneInferImage	609	609	2	2
doneInferImage	610	610	4	6
doneInferImage	611	611	0	0
doneInferImage	612	612	2	2
doneInferImage	613	613	2	8
doneInferImage	614	614	3	3
doneInferImage	615	615	1	1
doneInferImage	616	616	9	9
doneInferImage	617	617	7	7
doneInferImage	618	618	5	5
doneInferImage	619	619	1	8
doneInferImage	620	620	0	0
doneInferImage	621	621	8	8
doneInferImage	622	622	4	4
doneInferImage	623	623	6	6
doneInferImage	624	624	2	2
doneInferImage	625	625	6	6
doneInferImage	626	626	7	7
doneInferImage	627	627	9	9
doneInferImage	628	628	3	9
doneInferImage	629	629	2	2
doneInferImage	630	630	9	9
doneInferImage	631	631	8	8
doneInferImage	632	632	2	2
doneInferImage	633	633	2	2
doneInferImage	634	634	9	9
doneInferImage	635	635	2	2
doneInferImage	636	636	7	7
doneInferImage	637	637	3	3
doneInferImage	638	638	5	5
doneInferImage	639	639	9	9
doneInferImage	640	640	1	1
doneInferImage	641	641	8	8
doneInferImage	642	642	0	0
doneInferImage	643	643	2	2
doneInferImage	644	644	0	0
doneInferImage	645	645	5	5
doneInferImage	646	646	2	6
doneInferImage	647	647	1	1
doneInferImage	648	648	3	3
doneInferImage	649	649	7	7
doneInferImage	650	650	6	6
doneInferImage	651	651	7	7
doneInferImage	652	652	1	1
doneInferImage	653	653	2	2
doneInferImage	654	654	5	5
doneInferImage	655	655	8	8
doneInferImage	656	656	0	0
doneInferImage	657	657	3	3
doneInferImage	658	658	7	7
doneInferImage	659	659	2	9
doneInferImage	660	660	4	4
doneInferImage	661	661	0	0
doneInferImage	662	662	9	9
doneInferImage	663	663	1	1
doneInferImage	664	664	8	8
doneInferImage	665	665	6	6
doneInferImage	666	666	7	7
doneInferImage	667	667	7	1
doneInferImage	668	668	4	4
doneInferImage	669	669	3	3
doneInferImage	670	670	4	4
doneInferImage	671	671	9	9
doneInferImage	672	672	1	1
doneInferImage	673	673	9	9
doneInferImage	674	674	5	5
doneInferImage	675	675	1	1
doneInferImage	676	676	7	7
doneInferImage	677	677	3	3
doneInferImage	678	678	9	9
doneInferImage	679	679	7	7
doneInferImage	680	680	6	6
doneInferImage	681	681	9	9
doneInferImage	682	682	1	1
doneInferImage	683	683	3	3
doneInferImage	684	684	7	3
doneInferImage	685	685	8	8
doneInferImage	686	686	3	3
doneInferImage	687	687	3	3
doneInferImage	688	688	6	6
doneInferImage	689	689	7	7
doneInferImage	690	690	2	2
doneInferImage	691	691	8	4
doneInferImage	692	692	5	5
doneInferImage	693	693	8	8
doneInferImage	694	694	5	5
doneInferImage	695	695	1	1
doneInferImage	696	696	1	1
doneInferImage	697	697	4	4
doneInferImage	698	698	4	4
doneInferImage	699	699	3	3
doneInferImage	700	700	1	1
doneInferImage	701	701	0	0
doneInferImage	702	702	7	7
doneInferImage	703	703	7	7
doneInferImage	704	704	0	0
doneInferImage	705	705	7	7
doneInferImage	706	706	9	9
doneInferImage	707	707	4	9
doneInferImage	708	708	4	4
doneInferImage	709	709	8	8
doneInferImage	710	710	5	5
doneInferImage	711	711	5	5
doneInferImage	712	712	4	4
doneInferImage	713	713	0	0
doneInferImage	714	714	8	8
doneInferImage	715	715	2	2
doneInferImage	716	716	1	1
doneInferImage	717	717	0	6
doneInferImage	718	718	8	8
doneInferImage	719	719	4	4
doneInferImage	720	720	5	8
doneInferImage	721	721	0	0
doneInferImage	722	722	4	4
doneInferImage	723	723	0	0
doneInferImage	724	724	6	6
doneInferImage	725	725	1	1
doneInferImage	726	726	7	7
doneInferImage	727	727	3	3
doneInferImage	728	728	2	2
doneInferImage	729	729	6	6
doneInferImage	730	730	7	7
doneInferImage	731	731	2	2
doneInferImage	732	732	6	6
doneInferImage	733	733	9	9
doneInferImage	734	734	3	3
doneInferImage	735	735	1	1
doneInferImage	736	736	4	4
doneInferImage	737	737	6	6
doneInferImage	738	738	2	8
doneInferImage	739	739	5	5
doneInferImage	740	740	4	9
doneInferImage	741	741	2	2
doneInferImage	742	742	0	0
doneInferImage	743	743	6	6
doneInferImage	744	744	2	2
doneInferImage	745	745	1	1
doneInferImage	746	746	7	7
doneInferImage	747	747	3	3
doneInferImage	748	748	4	9
doneInferImage	749	749	1	1
doneInferImage	750	750	0	0
doneInferImage	751	751	5	5
doneInferImage	752	752	4	4
doneInferImage	753	753	3	3
doneInferImage	754	754	1	1
doneInferImage	755	755	1	1
doneInferImage	756	756	7	7
doneInferImage	757	757	4	4
doneInferImage	758	758	9	9
doneInferImage	759	759	9	9
doneInferImage	760	760	4	9
doneInferImage	761	761	8	8
doneInferImage	762	762	4	4
doneInferImage	763	763	0	0
doneInferImage	764	764	2	2
doneInferImage	765	765	4	4
doneInferImage	766	766	5	5
doneInferImage	767	767	1	1
doneInferImage	768	768	1	1
doneInferImage	769	769	6	6
doneInferImage	770	770	4	4
doneInferImage	771	771	7	7
doneInferImage	772	772	1	1
doneInferImage	773	773	9	9
doneInferImage	774	774	4	4
doneInferImage	775	775	2	2
doneInferImage	776	776	4	4
doneInferImage	777	777	1	1
doneInferImage	778	778	5	5
doneInferImage	779	779	5	5
doneInferImage	780	780	3	3
doneInferImage	781	781	8	8
doneInferImage	782	782	3	3
doneInferImage	783	783	1	1
doneInferImage	784	784	4	4
doneInferImage	785	785	5	5
doneInferImage	786	786	6	6
doneInferImage	787	787	8	8
doneInferImage	788	788	9	9
doneInferImage	789	789	4	4
doneInferImage	790	790	1	1
doneInferImage	791	791	5	9
doneInferImage	792	792	3	3
doneInferImage	793	793	8	8
doneInferImage	794	794	0	0
doneInferImage	795	795	3	6
doneInferImage	796	796	2	2
doneInferImage	797	797	5	5
doneInferImage	798	798	1	1
doneInferImage	799	799	2	2
doneInferImage	800	800	8	8
doneInferImage	801	801	3	3
doneInferImage	802	802	4	4
doneInferImage	803	803	4	4
doneInferImage	804	804	0	0
doneInferImage	805	805	8	8
doneInferImage	806	806	8	8
doneInferImage	807	807	3	3
doneInferImage	808	808	3	3
doneInferImage	809	809	1	1
doneInferImage	810	810	7	7
doneInferImage	811	811	3	3
doneInferImage	812	812	5	5
doneInferImage	813	813	9	9
doneInferImage	814	814	6	6
doneInferImage	815	815	3	3
doneInferImage	816	816	2	2
doneInferImage	817	817	6	6
doneInferImage	818	818	1	1
doneInferImage	819	819	3	3
doneInferImage	820	820	6	6
doneInferImage	821	821	0	0
doneInferImage	822	822	7	7
doneInferImage	823	823	2	2
doneInferImage	824	824	1	1
doneInferImage	825	825	7	7
doneInferImage	826	826	1	1
doneInferImage	827	827	4	4
doneInferImage	828	828	2	2
doneInferImage	829	829	4	4
doneInferImage	830	830	2	2
doneInferImage	831	831	1	1
doneInferImage	832	832	7	7
doneInferImage	833	833	9	9
doneInferImage	834	834	6	6
doneInferImage	835	835	1	1
doneInferImage	836	836	1	1
doneInferImage	837	837	2	2
doneInferImage	838	838	4	4
doneInferImage	839	839	8	3
doneInferImage	840	840	1	1
doneInferImage	841	841	7	7
doneInferImage	842	842	7	7
doneInferImage	843	843	4	4
doneInferImage	844	844	8	3
doneInferImage	845	845	0	0
doneInferImage	846	846	7	7
doneInferImage	847	847	3	3
doneInferImage	848	848	1	1
doneInferImage	849	849	3	3
doneInferImage	850	850	1	1
doneInferImage	851	851	0	0
doneInferImage	852	852	7	7
doneInferImage	853	853	7	7
doneInferImage	854	854	0	0
doneInferImage	855	855	3	3
doneInferImage	856	856	5	5
doneInferImage	857	857	5	5
doneInferImage	858	858	2	2
doneInferImage	859	859	7	7
doneInferImage	860	860	6	6
doneInferImage	861	861	6	6
doneInferImage	862	862	9	9
doneInferImage	863	863	2	2
doneInferImage	864	864	8	8
doneInferImage	865	865	3	3
doneInferImage	866	866	5	5
doneInferImage	867	867	2	2
doneInferImage	868	868	2	2
doneInferImage	869	869	5	5
doneInferImage	870	870	6	6
doneInferImage	871	871	0	0
doneInferImage	872	872	8	8
doneInferImage	873	873	2	2
doneInferImage	874	874	9	9
doneInferImage	875	875	2	2
doneInferImage	876	876	8	8
doneInferImage	877	877	8	8
doneInferImage	878	878	8	8
doneInferImage	879	879	8	8
doneInferImage	880	880	7	7
doneInferImage	881	881	4	9
doneInferImage	882	882	9	9
doneInferImage	883	883	3	3
doneInferImage	884	884	0	0
doneInferImage	885	885	6	6
doneInferImage	886	886	6	6
doneInferImage	887	887	3	3
doneInferImage	888	888	2	2
doneInferImage	889	889	1	1
doneInferImage	890	890	3	5
doneInferImage	891	891	2	2
doneInferImage	892	892	2	2
doneInferImage	893	893	9	9
doneInferImage	894	894	3	3
doneInferImage	895	895	0	0
doneInferImage	896	896	0	0
doneInferImage	897	897	5	5
doneInferImage	898	898	7	7
doneInferImage	899	899	8	8
doneInferImage	900	900	1	1
doneInferImage	901	901	4	4
doneInferImage	902	902	4	4
doneInferImage	903	903	6	6
doneInferImage	904	904	0	0
doneInferImage	905	905	2	2
doneInferImage	906	906	9	9
doneInferImage	907	907	1	1
doneInferImage	908	908	4	4
doneInferImage	909	909	7	7
doneInferImage	910	910	4	4
doneInferImage	911	911	7	7
doneInferImage	912	912	3	3
doneInferImage	913	913	9	9
doneInferImage	914	914	8	8
doneInferImage	915	915	8	8
doneInferImage	916	916	4	4
doneInferImage	917	917	7	7
doneInferImage	918	918	1	1
doneInferImage	919	919	2	2
doneInferImage	920	920	1	1
doneInferImage	921	921	2	2
doneInferImage	922	922	2	2
doneInferImage	923	923	3	3
doneInferImage	924	924	2	7
doneInferImage	925	925	3	3
doneInferImage	926	926	2	0
doneInferImage	927	927	3	3
doneInferImage	928	928	9	9
doneInferImage	929	929	1	1
doneInferImage	930	930	7	7
doneInferImage	931	931	4	4
doneInferImage	932	932	0	0
doneInferImage	933	933	3	3
doneInferImage	934	934	5	5
doneInferImage	935	935	5	5
doneInferImage	936	936	8	8
doneInferImage	937	937	6	6
doneInferImage	938	938	3	5
doneInferImage	939	939	2	2
doneInferImage	940	940	6	6
doneInferImage	941	941	7	7
doneInferImage	942	942	6	6
doneInferImage	943	943	6	6
doneInferImage	944	944	3	3
doneInferImage	945	945	2	2
doneInferImage	946	946	7	7
doneInferImage	947	947	8	8
doneInferImage	948	948	1	1
doneInferImage	949	949	1	1
doneInferImage	950	950	7	2
doneInferImage	951	951	5	4
doneInferImage	952	952	6	6
doneInferImage	953	953	4	4
doneInferImage	954	954	9	9
doneInferImage	955	955	5	5
doneInferImage	956	956	1	6
doneInferImage	957	957	3	3
doneInferImage	958	958	3	3
doneInferImage	959	959	4	9
doneInferImage	960	960	7	7
doneInferImage	961	961	8	8
doneInferImage	962	962	9	9
doneInferImage	963	963	1	1
doneInferImage	964	964	1	1
doneInferImage	965	965	6	0
doneInferImage	966	966	9	9
doneInferImage	967	967	1	1
doneInferImage	968	968	4	4
doneInferImage	969	969	4	4
doneInferImage	970	970	5	5
doneInferImage	971	971	4	4
doneInferImage	972	972	0	0
doneInferImage	973	973	6	6
doneInferImage	974	974	2	2
doneInferImage	975	975	2	2
doneInferImage	976	976	3	3
doneInferImage	977	977	1	1
doneInferImage	978	978	5	5
doneInferImage	979	979	1	1
doneInferImage	980	980	2	2
doneInferImage	981	981	0	0
doneInferImage	982	982	3	2
doneInferImage	983	983	8	8
doneInferImage	984	984	1	1
doneInferImage	985	985	2	2
doneInferImage	986	986	6	6
doneInferImage	987	987	7	7
doneInferImage	988	988	1	1
doneInferImage	989	989	6	6
doneInferImage	990	990	2	2
doneInferImage	991	991	3	3
doneInferImage	992	992	9	9
doneInferImage	993	993	0	0
doneInferImage	994	994	1	1
doneInferImage	995	995	2	2
doneInferImage	996	996	2	2
doneInferImage	997	997	0	0
doneInferImage	998	998	8	9
doneInferImage	999	999	9	9
doneInfer	921	0.495119
